This is pdfTeX, Version 3.141592653-2.6-1.40.27 (TeX Live 2026/dev/Arch Linux) (preloaded format=pdflatex 2025.9.2)  21 NOV 2025 17:27
entering extended mode
 restricted \write18 enabled.
 file:line:error style messages enabled.
 %&-line parsing enabled.
**thesis_main.tex
(./thesis_main.tex
LaTeX2e <2024-11-01> patch level 2
L3 programming layer <2025-01-18>
(/usr/share/texmf-dist/tex/latex/base/book.cls
Document Class: book 2024/06/29 v1.4n Standard LaTeX document class
(/usr/share/texmf-dist/tex/latex/base/bk10.clo
File: bk10.clo 2024/06/29 v1.4n Standard LaTeX file (size option)
)
\c@part=\count196
\c@chapter=\count197
\c@section=\count198
\c@subsection=\count199
\c@subsubsection=\count266
\c@paragraph=\count267
\c@subparagraph=\count268
\c@figure=\count269
\c@table=\count270
\abovecaptionskip=\skip49
\belowcaptionskip=\skip50
\bibindent=\dimen141
) (/usr/share/texmf-dist/tex/latex/amsmath/amsmath.sty
Package: amsmath 2024/11/05 v2.17t AMS math features
\@mathmargin=\skip51

For additional information on amsmath, use the `?' option.
(/usr/share/texmf-dist/tex/latex/amsmath/amstext.sty
Package: amstext 2021/08/26 v2.01 AMS text
 (/usr/share/texmf-dist/tex/latex/amsmath/amsgen.sty
File: amsgen.sty 1999/11/30 v2.0 generic functions
\@emptytoks=\toks17
\ex@=\dimen142
)) (/usr/share/texmf-dist/tex/latex/amsmath/amsbsy.sty
Package: amsbsy 1999/11/29 v1.2d Bold Symbols
\pmbraise@=\dimen143
) (/usr/share/texmf-dist/tex/latex/amsmath/amsopn.sty
Package: amsopn 2022/04/08 v2.04 operator names
)
\inf@bad=\count271
LaTeX Info: Redefining \frac on input line 233.
\uproot@=\count272
\leftroot@=\count273
LaTeX Info: Redefining \overline on input line 398.
LaTeX Info: Redefining \colon on input line 409.
\classnum@=\count274
\DOTSCASE@=\count275
LaTeX Info: Redefining \ldots on input line 495.
LaTeX Info: Redefining \dots on input line 498.
LaTeX Info: Redefining \cdots on input line 619.
\Mathstrutbox@=\box52
\strutbox@=\box53
LaTeX Info: Redefining \big on input line 721.
LaTeX Info: Redefining \Big on input line 722.
LaTeX Info: Redefining \bigg on input line 723.
LaTeX Info: Redefining \Bigg on input line 724.
\big@size=\dimen144
LaTeX Font Info:    Redeclaring font encoding OML on input line 742.
LaTeX Font Info:    Redeclaring font encoding OMS on input line 743.
\macc@depth=\count276
LaTeX Info: Redefining \bmod on input line 904.
LaTeX Info: Redefining \pmod on input line 909.
LaTeX Info: Redefining \smash on input line 939.
LaTeX Info: Redefining \relbar on input line 969.
LaTeX Info: Redefining \Relbar on input line 970.
\c@MaxMatrixCols=\count277
\dotsspace@=\muskip17
\c@parentequation=\count278
\dspbrk@lvl=\count279
\tag@help=\toks18
\row@=\count280
\column@=\count281
\maxfields@=\count282
\andhelp@=\toks19
\eqnshift@=\dimen145
\alignsep@=\dimen146
\tagshift@=\dimen147
\tagwidth@=\dimen148
\totwidth@=\dimen149
\lineht@=\dimen150
\@envbody=\toks20
\multlinegap=\skip52
\multlinetaggap=\skip53
\mathdisplay@stack=\toks21
LaTeX Info: Redefining \[ on input line 2953.
LaTeX Info: Redefining \] on input line 2954.
) (/usr/share/texmf-dist/tex/latex/amsfonts/amssymb.sty
Package: amssymb 2013/01/14 v3.01 AMS font symbols
 (/usr/share/texmf-dist/tex/latex/amsfonts/amsfonts.sty
Package: amsfonts 2013/01/14 v3.01 Basic AMSFonts support
\symAMSa=\mathgroup4
\symAMSb=\mathgroup5
LaTeX Font Info:    Redeclaring math symbol \hbar on input line 98.
LaTeX Font Info:    Overwriting math alphabet `\mathfrak' in version `bold'
(Font)                  U/euf/m/n --> U/euf/b/n on input line 106.
)) (/usr/share/texmf-dist/tex/latex/braket/braket.sty) (/usr/share/texmf-dist/tex/latex/graphics/graphicx.sty
Package: graphicx 2021/09/16 v1.2d Enhanced LaTeX Graphics (DPC,SPQR)
 (/usr/share/texmf-dist/tex/latex/graphics/keyval.sty
Package: keyval 2022/05/29 v1.15 key=value parser (DPC)
\KV@toks@=\toks22
) (/usr/share/texmf-dist/tex/latex/graphics/graphics.sty
Package: graphics 2024/08/06 v1.4g Standard LaTeX Graphics (DPC,SPQR)
 (/usr/share/texmf-dist/tex/latex/graphics/trig.sty
Package: trig 2023/12/02 v1.11 sin cos tan (DPC)
) (/usr/share/texmf-dist/tex/latex/graphics-cfg/graphics.cfg
File: graphics.cfg 2016/06/04 v1.11 sample graphics configuration
)
Package graphics Info: Driver file: pdftex.def on input line 106.
 (/usr/share/texmf-dist/tex/latex/graphics-def/pdftex.def
File: pdftex.def 2024/04/13 v1.2c Graphics/color driver for pdftex
))
\Gin@req@height=\dimen151
\Gin@req@width=\dimen152
) (/usr/share/texmf-dist/tex/latex/caption/caption.sty
Package: caption 2023/08/05 v3.6o Customizing captions (AR)
 (/usr/share/texmf-dist/tex/latex/caption/caption3.sty
Package: caption3 2023/07/31 v2.4d caption3 kernel (AR)
\caption@tempdima=\dimen153
\captionmargin=\dimen154
\caption@leftmargin=\dimen155
\caption@rightmargin=\dimen156
\caption@width=\dimen157
\caption@indent=\dimen158
\caption@parindent=\dimen159
\caption@hangindent=\dimen160
Package caption Info: Standard document class detected.
)
\c@caption@flags=\count283
\c@continuedfloat=\count284
) (/usr/share/texmf-dist/tex/latex/hyperref/hyperref.sty
Package: hyperref 2024-11-05 v7.01l Hypertext links for LaTeX
 (/usr/share/texmf-dist/tex/generic/iftex/iftex.sty
Package: iftex 2024/12/12 v1.0g TeX engine tests
) (/usr/share/texmf-dist/tex/latex/kvsetkeys/kvsetkeys.sty
Package: kvsetkeys 2022-10-05 v1.19 Key value parser (HO)
) (/usr/share/texmf-dist/tex/generic/kvdefinekeys/kvdefinekeys.sty
Package: kvdefinekeys 2019-12-19 v1.6 Define keys (HO)
) (/usr/share/texmf-dist/tex/generic/pdfescape/pdfescape.sty
Package: pdfescape 2019/12/09 v1.15 Implements pdfTeX's escape features (HO)
 (/usr/share/texmf-dist/tex/generic/ltxcmds/ltxcmds.sty
Package: ltxcmds 2023-12-04 v1.26 LaTeX kernel commands for general use (HO)
) (/usr/share/texmf-dist/tex/generic/pdftexcmds/pdftexcmds.sty
Package: pdftexcmds 2020-06-27 v0.33 Utility functions of pdfTeX for LuaTeX (HO)
 (/usr/share/texmf-dist/tex/generic/infwarerr/infwarerr.sty
Package: infwarerr 2019/12/03 v1.5 Providing info/warning/error messages (HO)
)
Package pdftexcmds Info: \pdf@primitive is available.
Package pdftexcmds Info: \pdf@ifprimitive is available.
Package pdftexcmds Info: \pdfdraftmode found.
)) (/usr/share/texmf-dist/tex/latex/hycolor/hycolor.sty
Package: hycolor 2020-01-27 v1.10 Color options for hyperref/bookmark (HO)
) (/usr/share/texmf-dist/tex/latex/hyperref/nameref.sty
Package: nameref 2023-11-26 v2.56 Cross-referencing by name of section
 (/usr/share/texmf-dist/tex/latex/refcount/refcount.sty
Package: refcount 2019/12/15 v3.6 Data extraction from label references (HO)
) (/usr/share/texmf-dist/tex/generic/gettitlestring/gettitlestring.sty
Package: gettitlestring 2019/12/15 v1.6 Cleanup title references (HO)
 (/usr/share/texmf-dist/tex/latex/kvoptions/kvoptions.sty
Package: kvoptions 2022-06-15 v3.15 Key value format for package options (HO)
))
\c@section@level=\count285
) (/usr/share/texmf-dist/tex/latex/etoolbox/etoolbox.sty
Package: etoolbox 2025/02/11 v2.5l e-TeX tools for LaTeX (JAW)
\etb@tempcnta=\count286
) (/usr/share/texmf-dist/tex/generic/stringenc/stringenc.sty
Package: stringenc 2019/11/29 v1.12 Convert strings between diff. encodings (HO)
)
\@linkdim=\dimen161
\Hy@linkcounter=\count287
\Hy@pagecounter=\count288
 (/usr/share/texmf-dist/tex/latex/hyperref/pd1enc.def
File: pd1enc.def 2024-11-05 v7.01l Hyperref: PDFDocEncoding definition (HO)
Now handling font encoding PD1 ...
... no UTF-8 mapping file for font encoding PD1
) (/usr/share/texmf-dist/tex/generic/intcalc/intcalc.sty
Package: intcalc 2019/12/15 v1.3 Expandable calculations with integers (HO)
)
\Hy@SavedSpaceFactor=\count289
 (/usr/share/texmf-dist/tex/latex/hyperref/puenc.def
File: puenc.def 2024-11-05 v7.01l Hyperref: PDF Unicode definition (HO)
Now handling font encoding PU ...
... no UTF-8 mapping file for font encoding PU
)
Package hyperref Info: Hyper figures OFF on input line 4157.
Package hyperref Info: Link nesting OFF on input line 4162.
Package hyperref Info: Hyper index ON on input line 4165.
Package hyperref Info: Plain pages OFF on input line 4172.
Package hyperref Info: Backreferencing OFF on input line 4177.
Package hyperref Info: Implicit mode ON; LaTeX internals redefined.
Package hyperref Info: Bookmarks ON on input line 4424.
\c@Hy@tempcnt=\count290
 (/usr/share/texmf-dist/tex/latex/url/url.sty
\Urlmuskip=\muskip18
Package: url 2013/09/16  ver 3.4  Verb mode for urls, etc.
)
LaTeX Info: Redefining \url on input line 4763.
\XeTeXLinkMargin=\dimen162
 (/usr/share/texmf-dist/tex/generic/bitset/bitset.sty
Package: bitset 2019/12/09 v1.3 Handle bit-vector datatype (HO)

(/usr/share/texmf-dist/tex/generic/bigintcalc/bigintcalc.sty
Package: bigintcalc 2019/12/15 v1.5 Expandable calculations on big integers (HO)
))
\Fld@menulength=\count291
\Field@Width=\dimen163
\Fld@charsize=\dimen164
Package hyperref Info: Hyper figures OFF on input line 6042.
Package hyperref Info: Link nesting OFF on input line 6047.
Package hyperref Info: Hyper index ON on input line 6050.
Package hyperref Info: backreferencing OFF on input line 6057.
Package hyperref Info: Link coloring OFF on input line 6062.
Package hyperref Info: Link coloring with OCG OFF on input line 6067.
Package hyperref Info: PDF/A mode OFF on input line 6072.
 (/usr/share/texmf-dist/tex/latex/base/atbegshi-ltx.sty
Package: atbegshi-ltx 2021/01/10 v1.0c Emulation of the original atbegshi
package with kernel methods
)
\Hy@abspage=\count292
\c@Item=\count293
\c@Hfootnote=\count294
)
Package hyperref Info: Driver (autodetected): hpdftex.
 (/usr/share/texmf-dist/tex/latex/hyperref/hpdftex.def
File: hpdftex.def 2024-11-05 v7.01l Hyperref driver for pdfTeX
 (/usr/share/texmf-dist/tex/latex/base/atveryend-ltx.sty
Package: atveryend-ltx 2020/08/19 v1.0a Emulation of the original atveryend package
with kernel methods
)
\Fld@listcount=\count295
\c@bookmark@seq@number=\count296
 (/usr/share/texmf-dist/tex/latex/rerunfilecheck/rerunfilecheck.sty
Package: rerunfilecheck 2022-07-10 v1.10 Rerun checks for auxiliary files (HO)
 (/usr/share/texmf-dist/tex/generic/uniquecounter/uniquecounter.sty
Package: uniquecounter 2019/12/15 v1.4 Provide unlimited unique counter (HO)
)
Package uniquecounter Info: New unique counter `rerunfilecheck' on input line 285.
)
\Hy@SectionHShift=\skip54
) (/usr/share/texmf-dist/tex/latex/biblatex/biblatex.sty
Package: biblatex 2024/03/21 v3.20 programmable bibliographies (PK/MW)
 (/usr/share/texmf-dist/tex/latex/logreq/logreq.sty
Package: logreq 2010/08/04 v1.0 xml request logger
\lrq@indent=\count297
 (/usr/share/texmf-dist/tex/latex/logreq/logreq.def
File: logreq.def 2010/08/04 v1.0 logreq spec v1.0
)) (/usr/share/texmf-dist/tex/latex/base/ifthen.sty
Package: ifthen 2024/03/16 v1.1e Standard LaTeX ifthen package (DPC)
)
\c@tabx@nest=\count298
\c@listtotal=\count299
\c@listcount=\count300
\c@liststart=\count301
\c@liststop=\count302
\c@citecount=\count303
\c@citetotal=\count304
\c@multicitecount=\count305
\c@multicitetotal=\count306
\c@instcount=\count307
\c@maxnames=\count308
\c@minnames=\count309
\c@maxitems=\count310
\c@minitems=\count311
\c@citecounter=\count312
\c@maxcitecounter=\count313
\c@savedcitecounter=\count314
\c@uniquelist=\count315
\c@uniquename=\count316
\c@refsection=\count317
\c@refsegment=\count318
\c@maxextratitle=\count319
\c@maxextratitleyear=\count320
\c@maxextraname=\count321
\c@maxextradate=\count322
\c@maxextraalpha=\count323
\c@abbrvpenalty=\count324
\c@highnamepenalty=\count325
\c@lownamepenalty=\count326
\c@maxparens=\count327
\c@parenlevel=\count328
\blx@tempcnta=\count329
\blx@tempcntb=\count330
\blx@tempcntc=\count331
\c@blx@maxsection=\count332
\blx@maxsegment@0=\count333
\blx@notetype=\count334
\blx@parenlevel@text=\count335
\blx@parenlevel@foot=\count336
\blx@sectionciteorder@0=\count337
\blx@sectionciteorderinternal@0=\count338
\blx@entrysetcounter=\count339
\blx@biblioinstance=\count340
\labelnumberwidth=\skip55
\labelalphawidth=\skip56
\biblabelsep=\skip57
\bibitemsep=\skip58
\bibnamesep=\skip59
\bibinitsep=\skip60
\bibparsep=\skip61
\bibhang=\skip62
\blx@bcfin=\read2
\blx@bcfout=\write3
\blx@langwohyphens=\language3
\c@mincomprange=\count341
\c@maxcomprange=\count342
\c@mincompwidth=\count343
Package biblatex Info: Trying to load biblatex default data model...
Package biblatex Info: ... file 'blx-dm.def' found.
 (/usr/share/texmf-dist/tex/latex/biblatex/blx-dm.def
File: blx-dm.def 2024/03/21 v3.20 biblatex datamodel (PK/MW)
)
Package biblatex Info: Trying to load biblatex custom data model...
Package biblatex Info: ... file 'biblatex-dm.cfg' not found.
\c@afterword=\count344
\c@savedafterword=\count345
\c@annotator=\count346
\c@savedannotator=\count347
\c@author=\count348
\c@savedauthor=\count349
\c@bookauthor=\count350
\c@savedbookauthor=\count351
\c@commentator=\count352
\c@savedcommentator=\count353
\c@editor=\count354
\c@savededitor=\count355
\c@editora=\count356
\c@savededitora=\count357
\c@editorb=\count358
\c@savededitorb=\count359
\c@editorc=\count360
\c@savededitorc=\count361
\c@foreword=\count362
\c@savedforeword=\count363
\c@holder=\count364
\c@savedholder=\count365
\c@introduction=\count366
\c@savedintroduction=\count367
\c@namea=\count368
\c@savednamea=\count369
\c@nameb=\count370
\c@savednameb=\count371
\c@namec=\count372
\c@savednamec=\count373
\c@translator=\count374
\c@savedtranslator=\count375
\c@shortauthor=\count376
\c@savedshortauthor=\count377
\c@shorteditor=\count378
\c@savedshorteditor=\count379
\c@labelname=\count380
\c@savedlabelname=\count381
\c@institution=\count382
\c@savedinstitution=\count383
\c@lista=\count384
\c@savedlista=\count385
\c@listb=\count386
\c@savedlistb=\count387
\c@listc=\count388
\c@savedlistc=\count389
\c@listd=\count390
\c@savedlistd=\count391
\c@liste=\count392
\c@savedliste=\count393
\c@listf=\count394
\c@savedlistf=\count395
\c@location=\count396
\c@savedlocation=\count397
\c@organization=\count398
\c@savedorganization=\count399
\c@origlocation=\count400
\c@savedoriglocation=\count401
\c@origpublisher=\count402
\c@savedorigpublisher=\count403
\c@publisher=\count404
\c@savedpublisher=\count405
\c@language=\count406
\c@savedlanguage=\count407
\c@origlanguage=\count408
\c@savedoriglanguage=\count409
\c@pageref=\count410
\c@savedpageref=\count411
\shorthandwidth=\skip63
\shortjournalwidth=\skip64
\shortserieswidth=\skip65
\shorttitlewidth=\skip66
\shortauthorwidth=\skip67
\shorteditorwidth=\skip68
\locallabelnumberwidth=\skip69
\locallabelalphawidth=\skip70
\localshorthandwidth=\skip71
\localshortjournalwidth=\skip72
\localshortserieswidth=\skip73
\localshorttitlewidth=\skip74
\localshortauthorwidth=\skip75
\localshorteditorwidth=\skip76
Package biblatex Info: Trying to load compatibility code...
Package biblatex Info: ... file 'blx-compat.def' found.
 (/usr/share/texmf-dist/tex/latex/biblatex/blx-compat.def
File: blx-compat.def 2024/03/21 v3.20 biblatex compatibility (PK/MW)
)
Package biblatex Info: Trying to load generic definitions...
Package biblatex Info: ... file 'biblatex.def' found.
 (/usr/share/texmf-dist/tex/latex/biblatex/biblatex.def
File: biblatex.def 2024/03/21 v3.20 biblatex compatibility (PK/MW)
\c@textcitecount=\count412
\c@textcitetotal=\count413
\c@textcitemaxnames=\count414
\c@biburlbigbreakpenalty=\count415
\c@biburlbreakpenalty=\count416
\c@biburlnumpenalty=\count417
\c@biburlucpenalty=\count418
\c@biburllcpenalty=\count419
\biburlbigskip=\muskip19
\biburlnumskip=\muskip20
\biburlucskip=\muskip21
\biburllcskip=\muskip22
\c@smartand=\count420
)
Package biblatex Info: Trying to load bibliography style 'numeric'...
Package biblatex Info: ... file 'numeric.bbx' found.
 (/usr/share/texmf-dist/tex/latex/biblatex/bbx/numeric.bbx
File: numeric.bbx 2024/03/21 v3.20 biblatex bibliography style (PK/MW)
Package biblatex Info: Trying to load bibliography style 'standard'...
Package biblatex Info: ... file 'standard.bbx' found.
 (/usr/share/texmf-dist/tex/latex/biblatex/bbx/standard.bbx
File: standard.bbx 2024/03/21 v3.20 biblatex bibliography style (PK/MW)
\c@bbx:relatedcount=\count421
\c@bbx:relatedtotal=\count422
))
Package biblatex Info: Trying to load citation style 'numeric'...
Package biblatex Info: ... file 'numeric.cbx' found.
 (/usr/share/texmf-dist/tex/latex/biblatex/cbx/numeric.cbx
File: numeric.cbx 2024/03/21 v3.20 biblatex citation style (PK/MW)
Package biblatex Info: Redefining '\cite'.
Package biblatex Info: Redefining '\parencite'.
Package biblatex Info: Redefining '\footcite'.
Package biblatex Info: Redefining '\footcitetext'.
Package biblatex Info: Redefining '\smartcite'.
Package biblatex Info: Redefining '\supercite'.
Package biblatex Info: Redefining '\textcite'.
Package biblatex Info: Redefining '\textcites'.
Package biblatex Info: Redefining '\cites'.
Package biblatex Info: Redefining '\parencites'.
Package biblatex Info: Redefining '\smartcites'.
)
Package biblatex Info: Trying to load configuration file...
Package biblatex Info: ... file 'biblatex.cfg' found.
 (/usr/share/texmf-dist/tex/latex/biblatex/biblatex.cfg
File: biblatex.cfg 
)
Package biblatex Info: Input encoding 'utf8' detected.
Package biblatex Info: Document encoding is UTF8 ....
 (/usr/share/texmf-dist/tex/latex/l3kernel/expl3.sty
Package: expl3 2025-01-18 L3 programming layer (loader) 
 (/usr/share/texmf-dist/tex/latex/l3backend/l3backend-pdftex.def
File: l3backend-pdftex.def 2024-05-08 L3 backend support: PDF output (pdfTeX)
\l__color_backend_stack_int=\count423
\l__pdf_internal_box=\box54
))
Package biblatex Info: ... and expl3
(biblatex)             2025-01-18 L3 programming layer (loader) 
(biblatex)             is new enough (at least 2020/04/06),
(biblatex)             setting 'casechanger=expl3'.
 (/usr/share/texmf-dist/tex/latex/biblatex/blx-case-expl3.sty (/usr/share/texmf-dist/tex/latex/l3packages/xparse/xparse.sty
Package: xparse 2024-08-16 L3 Experimental document command parser
)
Package: blx-case-expl3 2024/03/21 v3.20 expl3 case changing code for biblatex
)) (/usr/share/texmf-dist/tex/latex/geometry/geometry.sty
Package: geometry 2020/01/02 v5.9 Page Geometry
 (/usr/share/texmf-dist/tex/generic/iftex/ifvtex.sty
Package: ifvtex 2019/10/25 v1.7 ifvtex legacy package. Use iftex instead.
)
\Gm@cnth=\count424
\Gm@cntv=\count425
\c@Gm@tempcnt=\count426
\Gm@bindingoffset=\dimen165
\Gm@wd@mp=\dimen166
\Gm@odd@mp=\dimen167
\Gm@even@mp=\dimen168
\Gm@layoutwidth=\dimen169
\Gm@layoutheight=\dimen170
\Gm@layouthoffset=\dimen171
\Gm@layoutvoffset=\dimen172
\Gm@dimlist=\toks23
)
\@quotelevel=\count427
\@quotereset=\count428
 (./thesis_main.aux (./chapterENTRG.aux))
\openout1 = `thesis_main.aux'.

LaTeX Font Info:    Checking defaults for OML/cmm/m/it on input line 7.
LaTeX Font Info:    ... okay on input line 7.
LaTeX Font Info:    Checking defaults for OMS/cmsy/m/n on input line 7.
LaTeX Font Info:    ... okay on input line 7.
LaTeX Font Info:    Checking defaults for OT1/cmr/m/n on input line 7.
LaTeX Font Info:    ... okay on input line 7.
LaTeX Font Info:    Checking defaults for T1/cmr/m/n on input line 7.
LaTeX Font Info:    ... okay on input line 7.
LaTeX Font Info:    Checking defaults for TS1/cmr/m/n on input line 7.
LaTeX Font Info:    ... okay on input line 7.
LaTeX Font Info:    Checking defaults for OMX/cmex/m/n on input line 7.
LaTeX Font Info:    ... okay on input line 7.
LaTeX Font Info:    Checking defaults for U/cmr/m/n on input line 7.
LaTeX Font Info:    ... okay on input line 7.
LaTeX Font Info:    Checking defaults for PD1/pdf/m/n on input line 7.
LaTeX Font Info:    ... okay on input line 7.
LaTeX Font Info:    Checking defaults for PU/pdf/m/n on input line 7.
LaTeX Font Info:    ... okay on input line 7.
 (/usr/share/texmf-dist/tex/context/base/mkii/supp-pdf.mkii
[Loading MPS to PDF converter (version 2006.09.02).]
\scratchcounter=\count429
\scratchdimen=\dimen173
\scratchbox=\box55
\nofMPsegments=\count430
\nofMParguments=\count431
\everyMPshowfont=\toks24
\MPscratchCnt=\count432
\MPscratchDim=\dimen174
\MPnumerator=\count433
\makeMPintoPDFobject=\count434
\everyMPtoPDFconversion=\toks25
) (/usr/share/texmf-dist/tex/latex/epstopdf-pkg/epstopdf-base.sty
Package: epstopdf-base 2020-01-24 v2.11 Base part for package epstopdf
Package epstopdf-base Info: Redefining graphics rule for `.eps' on input line 485.
 (/usr/share/texmf-dist/tex/latex/latexconfig/epstopdf-sys.cfg
File: epstopdf-sys.cfg 2010/07/13 v1.3 Configuration of (r)epstopdf for TeX Live
))
Package caption Info: Begin \AtBeginDocument code.
Package caption Info: hyperref package is loaded.
Package caption Info: End \AtBeginDocument code.
Package hyperref Info: Link coloring OFF on input line 7.
 (./thesis_main.out) (./thesis_main.out)
\@outlinefile=\write4
\openout4 = `thesis_main.out'.

Package biblatex Info: Trying to load language 'english'...
Package biblatex Info: ... file 'english.lbx' found.
 (/usr/share/texmf-dist/tex/latex/biblatex/lbx/english.lbx
File: english.lbx 2024/03/21 v3.20 biblatex localization (PK/MW)
)
Package biblatex Info: Input encoding 'utf8' detected.
Package biblatex Info: Automatic encoding selection.
(biblatex)             Assuming data encoding 'utf8'.
\openout3 = `thesis_main.bcf'.

Package biblatex Info: Trying to load bibliographic data...
Package biblatex Info: ... file 'thesis_main.bbl' found.
 (./thesis_main.bbl)
Package biblatex Info: Reference section=0 on input line 7.
Package biblatex Info: Reference segment=0 on input line 7.

*geometry* driver: auto-detecting
*geometry* detected driver: pdftex
*geometry* verbose mode - [ preamble ] result:
* driver: pdftex
* paper: <default>
* layout: <same size as paper>
* layoutoffset:(h,v)=(0.0pt,0.0pt)
* modes: twoside 
* h-part:(L,W,R)=(56.9055pt, 500.484pt, 56.9055pt)
* v-part:(T,H,B)=(56.9055pt, 681.15898pt, 56.9055pt)
* \paperwidth=614.295pt
* \paperheight=794.96999pt
* \textwidth=500.484pt
* \textheight=681.15898pt
* \oddsidemargin=-15.36449pt
* \evensidemargin=-15.36449pt
* \topmargin=-45.43198pt
* \headheight=12.0pt
* \headsep=18.06749pt
* \topskip=10.0pt
* \footskip=25.29494pt
* \marginparwidth=125.0pt
* \marginparsep=7.0pt
* \columnsep=10.0pt
* \skip\footins=9.0pt plus 4.0pt minus 2.0pt
* \hoffset=0.0pt
* \voffset=0.0pt
* \mag=1000
* \@twocolumnfalse
* \@twosidetrue
* \@mparswitchtrue
* \@reversemarginfalse
* (1in=72.27pt=25.4mm, 1cm=28.453pt)

\openout2 = `chapterENTRG.aux'.

(./chapterENTRG.tex
Chapter 1.

LaTeX Warning: Citation 'terhal_physicstoday_2003' on page 1 undefined on input line 4.


LaTeX Warning: Citation 'horodecki2009quantum' on page 1 undefined on input line 4.


LaTeX Warning: Citation 'eisert_entanglement_2010' on page 1 undefined on input line 4.


LaTeX Warning: Citation 'laflorencie2016quantum' on page 1 undefined on input line 4.


LaTeX Warning: Citation 'zeng2019' on page 1 undefined on input line 4.


LaTeX Warning: Citation 'Erhard2020' on page 1 undefined on input line 4.


LaTeX Warning: Citation 'wen_1990' on page 1 undefined on input line 4.


LaTeX Warning: Citation 'Wen_fqhe_1990' on page 1 undefined on input line 4.


LaTeX Warning: Citation 'wen1995topological' on page 1 undefined on input line 4.


LaTeX Warning: Citation 'niu1985quantized' on page 1 undefined on input line 4.


LaTeX Warning: Citation 'das_shankaranarayanan_2006' on page 1 undefined on input line 4.


LaTeX Warning: Citation 'cramer_eisert_2006' on page 1 undefined on input line 4.


LaTeX Warning: Citation 'eisert_entanglement_2010' on page 1 undefined on input line 4.


Overfull \hbox (24.87344pt too wide) in paragraph at lines 4--5
\OT1/cmr/m/n/10 cally triv-ial phases that have short-ranged area-law en-tan-gle-ment [[], [],
 []


LaTeX Warning: Citation 'vafek_2014_diracreview' on page 1 undefined on input line 6.


LaTeX Warning: Citation 'bernevig_2013' on page 1 undefined on input line 6.


LaTeX Warning: Citation 'cayssol2013' on page 1 undefined on input line 6.


LaTeX Warning: Citation 'moessner_moore_2021' on page 1 undefined on input line 6.


LaTeX Warning: Citation 'Rachel_2018' on page 1 undefined on input line 6.


LaTeX Warning: Citation 'wang_2015' on page 1 undefined on input line 6.


LaTeX Warning: Citation 'Wu_2016' on page 1 undefined on input line 6.


LaTeX Warning: Citation 'ni_2022_dirac' on page 1 undefined on input line 6.


LaTeX Warning: Citation 'zhu_2007_coldatoms' on page 1 undefined on input line 6.


LaTeX Warning: Citation 'Lepori_2010' on page 1 undefined on input line 6.


LaTeX Warning: Citation 'Boada_2011' on page 1 undefined on input line 6.


LaTeX Warning: Citation 'Kuno2018' on page 1 undefined on input line 6.


LaTeX Warning: Citation 'Gomes2012' on page 1 undefined on input line 6.


LaTeX Warning: Citation 'Yuan2016' on page 1 undefined on input line 6.


LaTeX Warning: Citation 'bellec_2013' on page 1 undefined on input line 6.

LaTeX Font Info:    Trying to load font information for U+msa on input line 7.
(/usr/share/texmf-dist/tex/latex/amsfonts/umsa.fd
File: umsa.fd 2013/01/14 v3.01 AMS symbols A
)
LaTeX Font Info:    Trying to load font information for U+msb on input line 7.
 (/usr/share/texmf-dist/tex/latex/amsfonts/umsb.fd
File: umsb.fd 2013/01/14 v3.01 AMS symbols B
)

LaTeX Warning: Citation 'vidal2003entanglement' on page 1 undefined on input line 7.


LaTeX Warning: Citation 'latorre_extanglement_2003' on page 1 undefined on input line 7.


LaTeX Warning: Citation 'lattore_pra_2005' on page 1 undefined on input line 7.


LaTeX Warning: Citation 'calabrese2004' on page 1 undefined on input line 7.


LaTeX Warning: Citation 'wolf2008area' on page 1 undefined on input line 7.


LaTeX Warning: Citation 'Casini_2005' on page 1 undefined on input line 9.


LaTeX Warning: Citation 'Cardy2008' on page 1 undefined on input line 9.


LaTeX Warning: Citation 'Casini_2009_multi' on page 1 undefined on input line 9.


LaTeX Warning: Citation 'doyon_2009' on page 1 undefined on input line 9.


Overfull \hbox (25.03432pt too wide) in paragraph at lines 6--10
\OT1/cmr/m/n/10 faces of three-dimensional topo-log-i-cal in-su-la-tors [[], [], [], []],
 []


LaTeX Warning: Citation 'Chen_2017' on page 1 undefined on input line 11.


LaTeX Warning: Citation 'bueno_2017' on page 1 undefined on input line 11.


LaTeX Warning: Citation 'Metlitski_2009' on page 1 undefined on input line 11.


LaTeX Warning: Citation 'Arias_2015' on page 1 undefined on input line 11.


LaTeX Warning: Citation 'Whitsitt_2017' on page 1 undefined on input line 11.


LaTeX Warning: Citation 'Chen_2017' on page 1 undefined on input line 11.


LaTeX Warning: Citation 'zhu_kagome_2018' on page 1 undefined on input line 11.


LaTeX Warning: Citation 'Chen_2017' on page 1 undefined on input line 12.


LaTeX Warning: Citation 'Chen_2017' on page 1 undefined on input line 12.


LaTeX Warning: Citation 'Arias_2015' on page 1 undefined on input line 12.


LaTeX Warning: Citation 'zhu_kagome_2018' on page 1 undefined on input line 12.


LaTeX Warning: Citation 'Hu_triangular_2019' on page 1 undefined on input line 12.


LaTeX Warning: Citation 'crepel_2021' on page 1 undefined on input line 12.


LaTeX Warning: Citation 'hooft_1974' on page 1 undefined on input line 14.


LaTeX Warning: Citation 'polyakov_1978' on page 1 undefined on input line 14.


LaTeX Warning: Citation 'polyakov_strings' on page 1 undefined on input line 14.


LaTeX Warning: Citation 'gross_1993' on page 1 undefined on input line 14.


LaTeX Warning: Citation 'bousso_2002' on page 1 undefined on input line 14.


LaTeX Warning: Citation 'zaanen_liu_sun_schalm_2015' on page 1 undefined on input line 14.


LaTeX Warning: Citation 'hartnoll_lucas_sachdev2018' on page 1 undefined on input line 14.


LaTeX Warning: Citation 'akhmedov_1998' on page 1 undefined on input line 15.


LaTeX Warning: Citation 'alvarez_1999' on page 1 undefined on input line 15.


LaTeX Warning: Citation 'freedman_1999' on page 1 undefined on input line 15.


LaTeX Warning: Citation 'porrati_1999' on page 1 undefined on input line 15.


LaTeX Warning: Citation 'kachru_2000' on page 1 undefined on input line 15.


LaTeX Warning: Citation 'girardello_2000' on page 1 undefined on input line 15.


LaTeX Warning: Citation 'de2000' on page 1 undefined on input line 15.


LaTeX Warning: Citation 'de_2001' on page 1 undefined on input line 15.


LaTeX Warning: Citation 'Johnson_2001' on page 1 undefined on input line 15.


LaTeX Warning: Citation 'Yamaguchi_2003' on page 1 undefined on input line 15.


LaTeX Warning: Citation 'bekenstein_1973' on page 1 undefined on input line 16.


LaTeX Warning: Citation 'Hawking_1974' on page 1 undefined on input line 16.


LaTeX Warning: Citation 'Hawking_1975' on page 1 undefined on input line 16.


LaTeX Warning: Citation 'maldacena1999large' on page 1 undefined on input line 16.


LaTeX Warning: Citation 'gubser_1998' on page 1 undefined on input line 16.


LaTeX Warning: Citation 'witten1998anti' on page 1 undefined on input line 16.


LaTeX Warning: Citation 'ryu2006' on page 1 undefined on input line 16.


LaTeX Warning: Citation 'ryu2006aspects' on page 1 undefined on input line 16.


LaTeX Warning: Citation 'kovtun_2005' on page 1 undefined on input line 17.


LaTeX Warning: Citation 'damle_1997' on page 1 undefined on input line 17.


LaTeX Warning: Citation 'hartnoll_2007' on page 1 undefined on input line 17.


LaTeX Warning: Citation 'lee_2009_nonfermi' on page 1 undefined on input line 17.


LaTeX Warning: Citation 'lio_2011' on page 1 undefined on input line 17.


LaTeX Warning: Citation 'faulkner_2011' on page 1 undefined on input line 17.


LaTeX Warning: Citation 'mihailo_2009' on page 1 undefined on input line 17.


LaTeX Warning: Citation 'gubser_2010' on page 1 undefined on input line 17.


LaTeX Warning: Citation 'gauntlett_2009' on page 1 undefined on input line 17.


LaTeX Warning: Citation 'hartnoll_2008_building' on page 1 undefined on input line 17.


LaTeX Warning: Citation 'Hartnoll_2008' on page 1 undefined on input line 17.


LaTeX Warning: Citation 'Cai2015' on page 1 undefined on input line 17.


LaTeX Warning: Citation 'Wang2020' on page 1 undefined on input line 17.


LaTeX Warning: Citation 'Donos2011' on page 1 undefined on input line 17.


LaTeX Warning: Citation 'Donos2013' on page 1 undefined on input line 17.


LaTeX Warning: Citation 'Cremonini2018' on page 1 undefined on input line 17.


LaTeX Warning: Citation 'kachru_2008' on page 1 undefined on input line 17.


LaTeX Warning: Citation 'cubrovic_2011' on page 1 undefined on input line 17.


LaTeX Warning: Citation 'senthil_2003' on page 1 undefined on input line 17.


LaTeX Warning: Citation 'sachdev_2011' on page 1 undefined on input line 17.


LaTeX Warning: Citation 'Hartnoll_2011_stellar' on page 1 undefined on input line 17.


Overfull \hbox (30.83023pt too wide) in paragraph at lines 14--18
\OT1/cmr/m/n/10 di-men-sions [[], [], [], [], [], [],
 []


Overfull \hbox (43.12953pt too wide) in paragraph at lines 14--18
[]\OT1/cmr/m/n/10 , []] and holo-graphic Fermi liq-uids [[], [], [], [],
 []



[1



{/var/lib/texmf/fonts/map/pdftex/updmap/pdftex.map}]

LaTeX Warning: Citation 'matsueda_2012_kondo' on page 2 undefined on input line 20.


LaTeX Warning: Citation 'czech_2018' on page 2 undefined on input line 20.


LaTeX Warning: Citation 'Lee2012' on page 2 undefined on input line 20.


LaTeX Warning: Citation 'lee2014' on page 2 undefined on input line 20.


LaTeX Warning: Citation 'vidal2007' on page 2 undefined on input line 20.


LaTeX Warning: Citation 'vidal2008' on page 2 undefined on input line 20.


LaTeX Warning: Citation 'swingle2012a' on page 2 undefined on input line 20.


LaTeX Warning: Citation 'evenbly_2014' on page 2 undefined on input line 20.


LaTeX Warning: Citation 'anirbanurg1' on page 2 undefined on input line 20.


LaTeX Warning: Citation 'anirbanurg2' on page 2 undefined on input line 20.


LaTeX Warning: Citation 'lee2010' on page 2 undefined on input line 21.


LaTeX Warning: Citation 'lee_2010_lectures' on page 2 undefined on input line 21.


LaTeX Warning: Citation 'Lee2012' on page 2 undefined on input line 21.


LaTeX Warning: Citation 'lee2014' on page 2 undefined on input line 21.


LaTeX Warning: Citation 'vidal2007' on page 2 undefined on input line 21.


LaTeX Warning: Citation 'vidal2008' on page 2 undefined on input line 21.


LaTeX Warning: Citation 'swingle2012a' on page 2 undefined on input line 21.


LaTeX Warning: Citation 'evenbly_2014' on page 2 undefined on input line 21.


LaTeX Warning: Citation 'milsted_2018' on page 2 undefined on input line 21.


LaTeX Warning: Citation 'qi2013' on page 2 undefined on input line 21.


LaTeX Warning: Citation 'lee2016' on page 2 undefined on input line 21.


LaTeX Warning: Citation 'kim2019' on page 2 undefined on input line 21.


LaTeX Warning: Citation 'kim_2017_supeconductor' on page 2 undefined on input line 21.


LaTeX Warning: Citation 'kim_2016' on page 2 undefined on input line 21.


LaTeX Warning: Citation 'anirbanurg1' on page 2 undefined on input line 21.


LaTeX Warning: Citation 'anirbanurg2' on page 2 undefined on input line 21.


LaTeX Warning: Citation 'Mukherjee_mott_merg' on page 2 undefined on input line 21.


LaTeX Warning: Citation 'wolf2008area' on page 2 undefined on input line 23.


LaTeX Warning: Citation 'swingle2010' on page 2 undefined on input line 23.


LaTeX Warning: Citation 'oshikawa2000topological' on page 2 undefined on input line 23.


LaTeX Warning: Citation 'seki2017topological' on page 2 undefined on input line 23.


LaTeX Warning: Citation 'anirbanurg1' on page 2 undefined on input line 23.


LaTeX Warning: Citation 'anirbanurg2' on page 2 undefined on input line 23.


LaTeX Warning: Citation 'Gegenwart2008' on page 2 undefined on input line 23.


LaTeX Warning: Citation 'anirbanmott1' on page 2 undefined on input line 23.


LaTeX Warning: Citation 'anirbanmott2' on page 2 undefined on input line 23.


LaTeX Warning: Citation 'anirban_mott_2022' on page 2 undefined on input line 23.


LaTeX Warning: Citation 'Custers2003' on page 2 undefined on input line 23.


LaTeX Warning: Citation 'wegner1994flow' on page 2 undefined on input line 26.


LaTeX Warning: Citation 'glazekwilson1993' on page 2 undefined on input line 26.


LaTeX Warning: Citation 'glazekwilson1994' on page 2 undefined on input line 26.


LaTeX Warning: Citation 'savitz2017stable' on page 2 undefined on input line 26.


LaTeX Warning: Citation 'rademaker2016explicit' on page 2 undefined on input line 26.


LaTeX Warning: Citation 'monthus2016flow' on page 2 undefined on input line 26.


LaTeX Warning: Citation 'you2016' on page 2 undefined on input line 26.


Underfull \vbox (badness 10000) has occurred while \output is active []



[2]
<figures/dim-reduc.pdf, id=119, 4273.40584pt x 3097.41861pt>
File: figures/dim-reduc.pdf Graphic file (type pdf)
<use figures/dim-reduc.pdf>
Package pdftex.def Info: figures/dim-reduc.pdf  used on input line 45.
(pdftex.def)             Requested size: 225.21626pt x 163.19824pt.


LaTeX Warning: Citation 'chung_2000' on page 3 undefined on input line 46.


LaTeX Warning: Citation 'Arias_2015' on page 3 undefined on input line 46.


LaTeX Warning: Citation 'Chen_2017' on page 3 undefined on input line 46.


LaTeX Warning: Citation 'Murciano_2020' on page 3 undefined on input line 46.


LaTeX Warning: Citation 'chung_2000' on page 3 undefined on input line 46.


LaTeX Warning: Citation 'Arias_2015' on page 3 undefined on input line 46.


LaTeX Warning: Citation 'Chen_2017' on page 3 undefined on input line 46.


LaTeX Warning: Citation 'Murciano_2020' on page 3 undefined on input line 46.


LaTeX Warning: Citation 'siddhartha_TEE' on page 3 undefined on input line 52.


LaTeX Warning: Citation 'chung_2000' on page 3 undefined on input line 57.


LaTeX Warning: Citation 'Arias_2015' on page 3 undefined on input line 57.


LaTeX Warning: Citation 'Chen_2017' on page 3 undefined on input line 57.


LaTeX Warning: Citation 'Murciano_2020' on page 3 undefined on input line 57.



[3 <./figures/dim-reduc.pdf>]

LaTeX Warning: Reference `app-red' on page 4 undefined on input line 66.


LaTeX Warning: Citation 'lu_2010' on page 4 undefined on input line 79.


LaTeX Warning: Citation 'zhao_2021_massive' on page 4 undefined on input line 79.


LaTeX Warning: Citation 'hunt_2013' on page 4 undefined on input line 79.


LaTeX Warning: Citation 'abanov2000' on page 4 undefined on input line 79.


LaTeX Warning: Citation 'santanukagome' on page 4 undefined on input line 79.

<figures/coarse-graining.pdf, id=131, 1140.3862pt x 561.10973pt>
File: figures/coarse-graining.pdf Graphic file (type pdf)
<use figures/coarse-graining.pdf>
Package pdftex.def Info: figures/coarse-graining.pdf  used on input line 84.
(pdftex.def)             Requested size: 225.21626pt x 110.80725pt.
<figures/fine-graining.pdf, id=132, 1117.2203pt x 527.53372pt>
File: figures/fine-graining.pdf Graphic file (type pdf)
<use figures/fine-graining.pdf>
Package pdftex.def Info: figures/fine-graining.pdf  used on input line 85.
(pdftex.def)             Requested size: 225.21626pt x 106.34203pt.


[4 <./figures/coarse-graining.pdf> <./figures/fine-graining.pdf

pdfTeX warning: pdflatex (file ./figures/fine-graining.pdf): PDF inclusion: multiple pdfs with page group included in a single page
>]

LaTeX Warning: Citation 'siddhartha_TEE' on page 5 undefined on input line 106.


LaTeX Warning: Citation 'li2008entanglement' on page 5 undefined on input line 108.


LaTeX Warning: Citation 'CalabreseLefevre2008' on page 5 undefined on input line 108.


LaTeX Warning: Citation 'luttinger1960fermi' on page 5 undefined on input line 121.


LaTeX Warning: Citation 'luttinger1960ground' on page 5 undefined on input line 121.


LaTeX Warning: Citation 'seki2017topological' on page 5 undefined on input line 125.


LaTeX Warning: Citation 'oshikawa2000topological' on page 5 undefined on input line 125.


LaTeX Warning: Citation 'luttinger1960fermi' on page 5 undefined on input line 125.


LaTeX Warning: Citation 'luttinger1960ground' on page 5 undefined on input line 125.


LaTeX Warning: Citation 'Heath_2020' on page 5 undefined on input line 125.


LaTeX Warning: Citation 'anirbanurg1' on page 5 undefined on input line 125.



[5]

LaTeX Warning: Citation 'wilson1975' on page 6 undefined on input line 152.

<figures/A_m1.pdf, id=164, 3774.14754pt x 2958.50142pt>
File: figures/A_m1.pdf Graphic file (type pdf)
<use figures/A_m1.pdf>
Package pdftex.def Info: figures/A_m1.pdf  used on input line 158.
(pdftex.def)             Requested size: 225.21626pt x 176.50928pt.

LaTeX Warning: Citation 'Arias_2015' on page 6 undefined on input line 178.


LaTeX Warning: Citation 'Chen_2017' on page 6 undefined on input line 178.



[6]

LaTeX Warning: Citation 'calabrese2004' on page 7 undefined on input line 183.


LaTeX Warning: Citation 'Casini_2009' on page 7 undefined on input line 183.


LaTeX Warning: Citation 'Chen_2017' on page 7 undefined on input line 183.


LaTeX Warning: Citation 'Chen_2017' on page 7 undefined on input line 187.


LaTeX Warning: Citation 'Arias_2015' on page 7 undefined on input line 194.


LaTeX Warning: Citation 'Chen_2017' on page 7 undefined on input line 194.


LaTeX Warning: Citation 'crepel_2021' on page 7 undefined on input line 194.

<figures/fraction.pdf, id=180, 819.67625pt x 514.56241pt>
File: figures/fraction.pdf Graphic file (type pdf)
<use figures/fraction.pdf>
Package pdftex.def Info: figures/fraction.pdf  used on input line 202.
(pdftex.def)             Requested size: 240.23016pt x 150.8053pt.

Package amsmath Warning: Foreign command \atop;
(amsmath)                \frac or \genfrac should be used instead
(amsmath)                 on input line 209.



[7 <./figures/A_m1.pdf>]

LaTeX Warning: Citation 'blasone_2008' on page 8 undefined on input line 228.



[8 <./figures/fraction.pdf>]

LaTeX Warning: Citation 'siddhartha_TEE' on page 9 undefined on input line 240.


LaTeX Warning: Reference `g-partite info' on page 9 undefined on input line 250.


LaTeX Warning: Citation 'Chen_2017' on page 9 undefined on input line 257.



[9]
<figures/minimal-area.pdf, id=239, 572.072pt x 387.09535pt>
File: figures/minimal-area.pdf Graphic file (type pdf)
<use figures/minimal-area.pdf>
Package pdftex.def Info: figures/minimal-area.pdf  used on input line 279.
(pdftex.def)             Requested size: 225.21626pt x 152.39006pt.
<figures/rk-bound.pdf, id=240, 803.64241pt x 515.03966pt>
File: figures/rk-bound.pdf Graphic file (type pdf)
<use figures/rk-bound.pdf>
Package pdftex.def Info: figures/rk-bound.pdf  used on input line 280.
(pdftex.def)             Requested size: 225.21626pt x 144.33586pt.


LaTeX Warning: Citation 'qi2013' on page 10 undefined on input line 289.


LaTeX Warning: Citation 'lee2016' on page 10 undefined on input line 289.


LaTeX Warning: Citation 'anirbanurg1' on page 10 undefined on input line 289.


LaTeX Warning: Citation 'anirbanurg2' on page 10 undefined on input line 289.


LaTeX Warning: Citation 'anirbanurg1' on page 10 undefined on input line 290.


LaTeX Warning: Citation 'evenbly2009' on page 10 undefined on input line 290.


LaTeX Warning: Citation 'evenbly_2016' on page 10 undefined on input line 290.


LaTeX Warning: Citation 'ryu2006' on page 10 undefined on input line 292.


LaTeX Warning: Citation 'ryu2006aspects' on page 10 undefined on input line 292.



[10 <./figures/minimal-area.pdf> <./figures/rk-bound.pdf>]

LaTeX Warning: Citation 'haydenEntanglement2013' on page 11 undefined on input line 312.


LaTeX Warning: Citation 'Bao2015' on page 11 undefined on input line 323.


LaTeX Warning: Citation 'van2010building' on page 11 undefined on input line 328.


LaTeX Warning: Citation 'lee2016' on page 11 undefined on input line 328.


LaTeX Warning: Citation 'hyatt2017' on page 11 undefined on input line 328.


LaTeX Warning: Citation 'anirban_mott_2022' on page 11 undefined on input line 328.



[11]
<figures/distance1.pdf, id=291, 803.64241pt x 514.56241pt>
File: figures/distance1.pdf Graphic file (type pdf)
<use figures/distance1.pdf>
Package pdftex.def Info: figures/distance1.pdf  used on input line 343.
(pdftex.def)             Requested size: 240.23016pt x 153.81245pt.
<figures/curvature-scheme.pdf, id=292, 936.09055pt x 653.25035pt>
File: figures/curvature-scheme.pdf Graphic file (type pdf)
<use figures/curvature-scheme.pdf>
Package pdftex.def Info: figures/curvature-scheme.pdf  used on input line 344.
(pdftex.def)             Requested size: 240.23016pt x 167.6382pt.


[12 <./figures/distance1.pdf> <./figures/curvature-scheme.pdf>]
<figures/coupling.pdf, id=322, 803.16603pt x 514.56241pt>
File: figures/coupling.pdf Graphic file (type pdf)
<use figures/coupling.pdf>
Package pdftex.def Info: figures/coupling.pdf  used on input line 379.
(pdftex.def)             Requested size: 240.23016pt x 153.90666pt.
<figures/mass-beta.pdf, id=323, 803.64241pt x 515.13947pt>
File: figures/mass-beta.pdf Graphic file (type pdf)
<use figures/mass-beta.pdf>
Package pdftex.def Info: figures/mass-beta.pdf  used on input line 380.
(pdftex.def)             Requested size: 240.23016pt x 153.98494pt.


LaTeX Warning: Citation 'alvarez_1999' on page 13 undefined on input line 411.


LaTeX Warning: Citation 'myers_2010' on page 13 undefined on input line 411.


LaTeX Warning: Citation 'Myers2011' on page 13 undefined on input line 411.


LaTeX Warning: Citation 'chu_2020' on page 13 undefined on input line 411.



[13 <./figures/coupling.pdf> <./figures/mass-beta.pdf>]
<figures/./c-charge.pdf, id=366, 803.64241pt x 514.56241pt>
File: figures/./c-charge.pdf Graphic file (type pdf)
<use figures/./c-charge.pdf>
Package pdftex.def Info: figures/./c-charge.pdf  used on input line 416.
(pdftex.def)             Requested size: 240.23016pt x 153.81245pt.
<figures/curvature-pos.pdf, id=367, 787.99496pt x 514.56241pt>
File: figures/curvature-pos.pdf Graphic file (type pdf)
<use figures/curvature-pos.pdf>
Package pdftex.def Info: figures/curvature-pos.pdf  used on input line 417.
(pdftex.def)             Requested size: 240.23016pt x 156.86671pt.


LaTeX Warning: Citation 'cao_2017' on page 14 undefined on input line 424.


LaTeX Warning: Citation 'singharoy2020' on page 14 undefined on input line 426.


LaTeX Warning: Citation 'singharoy2020' on page 14 undefined on input line 428.


LaTeX Warning: Citation 'cao_2017' on page 14 undefined on input line 428.



[14 <./figures/./c-charge.pdf> <./figures/curvature-pos.pdf>]

LaTeX Warning: Citation 'cao_2017' on page 15 undefined on input line 439.


LaTeX Warning: Citation 'Bau2013' on page 15 undefined on input line 439.


LaTeX Warning: Citation 'cao_2017' on page 15 undefined on input line 468.



[15]
<figures/./gamma.pdf, id=423, 819.67699pt x 514.56241pt>
File: figures/./gamma.pdf Graphic file (type pdf)
<use figures/./gamma.pdf>
Package pdftex.def Info: figures/./gamma.pdf  used on input line 490.
(pdftex.def)             Requested size: 240.23016pt x 150.8053pt.
<figures/alpha.pdf, id=424, 803.64241pt x 514.56241pt>
File: figures/alpha.pdf Graphic file (type pdf)
<use figures/alpha.pdf>
Package pdftex.def Info: figures/alpha.pdf  used on input line 491.
(pdftex.def)             Requested size: 240.23016pt x 153.81245pt.


[16 <./figures/./gamma.pdf> <./figures/alpha.pdf>]
<figures/curvature-winding.pdf, id=464, 721.36916pt x 306.84834pt>
File: figures/curvature-winding.pdf Graphic file (type pdf)
<use figures/curvature-winding.pdf>
Package pdftex.def Info: figures/curvature-winding.pdf  used on input line 524.
(pdftex.def)             Requested size: 240.23016pt x 102.18732pt.
<figures/alpha-winding.pdf, id=465, 733.34842pt x 306.59076pt>
File: figures/alpha-winding.pdf Graphic file (type pdf)
<use figures/alpha-winding.pdf>
Package pdftex.def Info: figures/alpha-winding.pdf  used on input line 525.
(pdftex.def)             Requested size: 240.23016pt x 100.43143pt.


[17 <./figures/curvature-winding.pdf> <./figures/alpha-winding.pdf

pdfTeX warning: pdflatex (file ./figures/alpha-winding.pdf): PDF inclusion: multiple pdfs with page group included in a single page
>]
<figures/wormhole_gapless.pdf, id=483, 718.09595pt x 352.99825pt>
File: figures/wormhole_gapless.pdf Graphic file (type pdf)
<use figures/wormhole_gapless.pdf>
Package pdftex.def Info: figures/wormhole_gapless.pdf  used on input line 560.
(pdftex.def)             Requested size: 225.21626pt x 110.71027pt.
<figures/wormhole_gapped.pdf, id=484, 715.8508pt x 353.10414pt>
File: figures/wormhole_gapped.pdf Graphic file (type pdf)
<use figures/wormhole_gapped.pdf>
Package pdftex.def Info: figures/wormhole_gapped.pdf  used on input line 562.
(pdftex.def)             Requested size: 225.21626pt x 111.0883pt.


LaTeX Warning: Citation 'luttinger1960fermi' on page 18 undefined on input line 570.


LaTeX Warning: Citation 'oshikawa2000topological' on page 18 undefined on input line 570.


LaTeX Warning: Citation 'seki2017topological' on page 18 undefined on input line 570.


LaTeX Warning: Citation 'anirbanurg1' on page 18 undefined on input line 570.


LaTeX Warning: Citation 'anirbanurg2' on page 18 undefined on input line 570.


LaTeX Warning: Citation 'van2010building' on page 18 undefined on input line 572.


LaTeX Warning: Citation 'van2010building' on page 18 undefined on input line 572.


LaTeX Warning: Citation 'cao_2017' on page 18 undefined on input line 572.



[18 <./figures/wormhole_gapless.pdf> <./figures/wormhole_gapped.pdf

pdfTeX warning: pdflatex (file ./figures/wormhole_gapped.pdf): PDF inclusion: multiple pdfs with page group included in a single page
>]

LaTeX Warning: Citation 'bisognanoWichmann_scalar' on page 19 undefined on input line 577.


LaTeX Warning: Citation 'bisognanoWichmann_quantum' on page 19 undefined on input line 577.


Overfull \hbox (67.85098pt too wide) in paragraph at lines 577--578
[]\OT1/cmr/m/n/10 For a 1D CFT, the en-tan-gle-ment Hamil-to-nian cor-re-spond-ing to a par-ti-tion of length $\OML/cmm/m/it/10 l$ \OT1/cmr/m/n/10 is given by [[],
 []


LaTeX Warning: Citation 'Blanco2013' on page 19 undefined on input line 587.


LaTeX Warning: Citation 'cao_2017' on page 19 undefined on input line 596.


LaTeX Warning: Citation 'kar_2001' on page 19 undefined on input line 600.


LaTeX Warning: Citation 'kar2007raychaudhuri' on page 19 undefined on input line 600.

<figures/curvature-contour.pdf, id=538, 1392.57521pt x 421.69563pt>
File: figures/curvature-contour.pdf Graphic file (type pdf)
<use figures/curvature-contour.pdf>
Package pdftex.def Info: figures/curvature-contour.pdf  used on input line 606.
(pdftex.def)             Requested size: 240.23016pt x 72.74257pt.
<figures/theta.pdf, id=539, 803.27899pt x 514.56241pt>
File: figures/theta.pdf Graphic file (type pdf)
<use figures/theta.pdf>
Package pdftex.def Info: figures/theta.pdf  used on input line 607.
(pdftex.def)             Requested size: 240.23016pt x 153.88312pt.


[19]

[20{/usr/share/texmf-dist/fonts/enc/dvips/cm-super/cm-super-ts1.enc} <./figures/curvature-contour.pdf> <./figures/theta.pdf>]
<figures/contour1.pdf, id=589, 189.52554pt x 99.4563pt>
File: figures/contour1.pdf Graphic file (type pdf)
<use figures/contour1.pdf>
Package pdftex.def Info: figures/contour1.pdf  used on input line 670.
(pdftex.def)             Requested size: 240.23016pt x 126.06982pt.


[21]

LaTeX Warning: Reference `contour-integral' on page 22 undefined on input line 694.


LaTeX Warning: Citation 'sachdev_2011' on page 22 undefined on input line 713.



[22 <./figures/contour1.pdf>]
<figures/contour.pdf, id=629, 305.64978pt x 120.68362pt>
File: figures/contour.pdf Graphic file (type pdf)
<use figures/contour.pdf>
Package pdftex.def Info: figures/contour.pdf  used on input line 736.
(pdftex.def)             Requested size: 240.23016pt x 94.85469pt.
<figures/contour-g.pdf, id=630, 313.30785pt x 118.75351pt>
File: figures/contour-g.pdf Graphic file (type pdf)
<use figures/contour-g.pdf>
Package pdftex.def Info: figures/contour-g.pdf  used on input line 737.
(pdftex.def)             Requested size: 240.23016pt x 91.05632pt.


[23 <./figures/contour.pdf> <./figures/contour-g.pdf

pdfTeX warning: pdflatex (file ./figures/contour-g.pdf): PDF inclusion: multiple pdfs with page group included in a single page
>]

LaTeX Warning: Citation 'seki2017topological' on page 24 undefined on input line 755.

<figures/spectral-flow.pdf, id=648, 1140.34749pt x 247.20772pt>
File: figures/spectral-flow.pdf Graphic file (type pdf)
<use figures/spectral-flow.pdf>
Package pdftex.def Info: figures/spectral-flow.pdf  used on input line 792.
(pdftex.def)             Requested size: 450.43253pt x 97.64409pt.

LaTeX Warning: Citation 'Peschel_2003' on page 24 undefined on input line 798.


LaTeX Warning: Citation 'Alexandradinata2011' on page 24 undefined on input line 798.



[24]

LaTeX Warning: Citation 'thouless1982quantized' on page 25 undefined on input line 814.


LaTeX Warning: Citation 'niu1985quantized' on page 25 undefined on input line 814.


LaTeX Warning: Citation 'li2008entanglement' on page 25 undefined on input line 817.


LaTeX Warning: Citation 'laflorencie2016quantum' on page 25 undefined on input line 817.


LaTeX Warning: Citation 'Alexandradinata2011' on page 25 undefined on input line 818.


Overfull \hbox (68.8357pt too wide) in paragraph at lines 817--819
[]\OT1/cmr/m/n/10 We can also re-late eq. [] to the en-tan-gle-ment of the sys-tem by in-tro-duc-ing the en-tan-gle-ment spec-trum [[],
 []



[25 <./figures/spectral-flow.pdf>]
<figures/cylinder.pdf, id=677, 130.1733pt x 61.14621pt>
File: figures/cylinder.pdf Graphic file (type pdf)
<use figures/cylinder.pdf>
Package pdftex.def Info: figures/cylinder.pdf  used on input line 834.
(pdftex.def)             Requested size: 150.14671pt x 70.52844pt.


LaTeX Warning: Citation 'flynn2022' on page 26 undefined on input line 845.


LaTeX Warning: Citation 'balasubramanian2012momentum' on page 26 undefined on input line 846.


LaTeX Warning: Citation 'mcdermott2013' on page 26 undefined on input line 846.


LaTeX Warning: Citation 'costa2022' on page 26 undefined on input line 846.


LaTeX Warning: Citation 'flynn2022' on page 26 undefined on input line 846.


LaTeX Warning: Citation 'PatraEntanglement2023' on page 26 undefined on input line 846.


LaTeX Warning: Citation 'siddhartha_TEE' on page 26 undefined on input line 848.


LaTeX Warning: Citation 'PatraEntanglement2023' on page 26 undefined on input line 848.



[26 <./figures/cylinder.pdf>]

LaTeX Warning: Citation 'kar_2001' on page 27 undefined on input line 851.


LaTeX Warning: Citation 'kar2007raychaudhuri' on page 27 undefined on input line 852.


LaTeX Warning: Citation 'balasubramanian1999' on page 27 undefined on input line 852.


LaTeX Warning: Citation 'anirbanurg1' on page 27 undefined on input line 853.


LaTeX Warning: Citation 'flynn2022' on page 27 undefined on input line 853.


LaTeX Warning: Citation 'balasubramanian2011' on page 27 undefined on input line 857.


LaTeX Warning: Citation 'asadi2018' on page 27 undefined on input line 857.


LaTeX Warning: Citation 'aliakbari_2019' on page 27 undefined on input line 857.



[27]

LaTeX Warning: Reference `DEdual' on page 28 undefined on input line 893.


LaTeX Warning: Citation 'siddhartha_TEE' on page 28 undefined on input line 902.


Package amsmath Warning: Foreign command \atopwithdelims;
(amsmath)                \frac or \genfrac should be used instead
(amsmath)                 on input line 915.


LaTeX Warning: Reference `internal-sum' on page 28 undefined on input line 915.



[28]
<figures/poles-contours.pdf, id=718, 1526.3424pt x 514.89587pt>
File: figures/poles-contours.pdf Graphic file (type pdf)
<use figures/poles-contours.pdf>
Package pdftex.def Info: figures/poles-contours.pdf  used on input line 926.
(pdftex.def)             Requested size: 450.43253pt x 151.94795pt.


LaTeX Warning: Reference `appcont' on page 29 undefined on input line 927.


LaTeX Warning: Reference `appcont' on page 29 undefined on input line 927.


LaTeX Warning: Reference `pole-contour' on page 29 undefined on input line 953.



[29 <./figures/poles-contours.pdf>]

[30] (./thesis_main.aux (./chapterENTRG.aux)
Runaway argument?
{\contentsline {figure}{\numb 
./thesis_main.aux:6: File ended while scanning use of \@writefile.
<inserted text> 
                \par 
l.6 \@input{chapterENTRG.aux}
                             
I suspect you have forgotten a `}', causing me
to read past where you wanted me to stop.
I'll try to recover; but if the error is serious,
you'd better type `E' or `X' now and fix your file.

)
 ***********
LaTeX2e <2024-11-01> patch level 2
L3 programming layer <2025-01-18>
 ***********


LaTeX Warning: There were undefined references.


LaTeX Warning: Label(s) may have changed. Rerun to get cross-references right.

Package rerunfilecheck Info: File `thesis_main.out' has not changed.
(rerunfilecheck)             Checksum: DC3D7E176CC98779AEBD74772B6BCB47;5704.

Package biblatex Warning: Please (re)run Biber on the file:
(biblatex)                thesis_main
(biblatex)                and rerun LaTeX afterwards.

Package logreq Info: Writing requests to 'thesis_main.run.xml'.
\openout1 = `thesis_main.run.xml'.

 ) )
(\end occurred when \iftrue on line 18 was incomplete)
(\end occurred when \ifx on line 18 was incomplete)
(\end occurred when \ifnum on line 18 was incomplete) 
Here is how much of TeX's memory you used:
 19386 strings out of 475171
 338782 string characters out of 5767096
 1174564 words of memory out of 5000000
 42015 multiletter control sequences out of 15000+600000
 565248 words of font info for 60 fonts, out of 8000000 for 9000
 14 hyphenation exceptions out of 8191
 75i,17n,81p,1859b,1502s stack positions out of 10000i,1000n,20000p,200000b,200000s
</usr/share/texmf-dist/fonts/type1/public/fira/FiraSans-Regular.pfb></usr/share/texmf-dist/fonts/type1/public/amsfonts/cm/cmbx10.pfb></usr/share/texmf-dist/fonts/type1/public/amsfonts/cm/cmbx12.pfb></usr/share/texmf-dist/fonts/type1/public/amsfonts/cm/cmex10.pfb></usr/share/texmf-dist/fonts/type1/public/amsfonts/cmextra/cmex7.pfb></usr/share/texmf-dist/fonts/type1/public/amsfonts/cm/cmmi10.pfb></usr/share/texmf-dist/fonts/type1/public/amsfonts/cm/cmmi12.pfb></usr/share/texmf-dist/fonts/type1/public/amsfonts/cm/cmmi5.pfb></usr/share/texmf-dist/fonts/type1/public/amsfonts/cm/cmmi7.pfb></usr/share/texmf-dist/fonts/type1/public/amsfonts/cm/cmr10.pfb></usr/share/texmf-dist/fonts/type1/public/amsfonts/cm/cmr12.pfb></usr/share/texmf-dist/fonts/type1/public/amsfonts/cm/cmr17.pfb></usr/share/texmf-dist/fonts/type1/public/amsfonts/cm/cmr5.pfb></usr/share/texmf-dist/fonts/type1/public/amsfonts/cm/cmr7.pfb></usr/share/texmf-dist/fonts/type1/public/amsfonts/cm/cmsl10.pfb></usr/share/texmf-dist/fonts/type1/public/amsfonts/cm/cmss17.pfb></usr/share/texmf-dist/fonts/type1/public/amsfonts/cm/cmsy10.pfb></usr/share/texmf-dist/fonts/type1/public/amsfonts/cm/cmsy5.pfb></usr/share/texmf-dist/fonts/type1/public/amsfonts/cm/cmsy7.pfb></usr/share/texmf-dist/fonts/type1/public/amsfonts/cm/cmti10.pfb></usr/share/texmf-dist/fonts/type1/public/amsfonts/symbols/msbm10.pfb></usr/share/texmf-dist/fonts/type1/public/cm-super/sfrm1000.pfb>
Output written on thesis_main.pdf (30 pages, 1157618 bytes).
PDF statistics:
 873 PDF objects out of 1000 (max. 8388607)
 755 compressed objects within 8 object streams
 190 named destinations out of 1000 (max. 500000)
 312 words of extra memory for PDF output out of 10000 (max. 10000000)

